2022-01-16 18:10:57 INFO [admin] ProjectServiceImpl - Created project [Emory_RLS_Annotation](0)
2022-01-16 18:10:57 INFO [admin] ProjectServiceImpl - Created permission [MANAGER] for user [admin] on project [Emory_RLS_Annotation](0)
2022-01-16 18:10:57 INFO [admin] ProjectServiceImpl - Created permission [CURATOR] for user [admin] on project [Emory_RLS_Annotation](0)
2022-01-16 18:10:57 INFO [admin] ProjectServiceImpl - Created permission [ANNOTATOR] for user [admin] on project [Emory_RLS_Annotation](0)
2022-01-16 18:10:57 INFO [admin] AnnotationSchemaServiceImpl - Created tagset [Coreference relations](0) in project [Emory_RLS_Annotation](0)
2022-01-16 18:10:58 INFO [admin] AnnotationSchemaServiceImpl - Created 1 tags and updated 0 tags in tagset [Coreference relations](0) in project [Emory_RLS_Annotation](0)
2022-01-16 18:10:58 INFO [admin] AnnotationSchemaServiceImpl - Created tagset [Coreference mentions](1) in project [Emory_RLS_Annotation](0)
2022-01-16 18:10:58 INFO [admin] AnnotationSchemaServiceImpl - Created 1 tags and updated 0 tags in tagset [Coreference mentions](1) in project [Emory_RLS_Annotation](0)
2022-01-16 18:10:58 INFO [admin] AnnotationSchemaServiceImpl - Created tagset [Dependency flavors](2) in project [Emory_RLS_Annotation](0)
2022-01-16 18:10:58 INFO [admin] AnnotationSchemaServiceImpl - Created 2 tags and updated 0 tags in tagset [Dependency flavors](2) in project [Emory_RLS_Annotation](0)
2022-01-16 18:10:58 INFO [admin] AnnotationSchemaServiceImpl - Created tagset [UD Universal Dependencies (v2)](3) in project [Emory_RLS_Annotation](0)
2022-01-16 18:10:59 INFO [admin] AnnotationSchemaServiceImpl - Created 37 tags and updated 0 tags in tagset [UD Universal Dependencies (v2)](3) in project [Emory_RLS_Annotation](0)
2022-01-16 18:10:59 INFO [admin] AnnotationSchemaServiceImpl - Created tagset [Named Entity tags](4) in project [Emory_RLS_Annotation](0)
2022-01-16 18:10:59 INFO [admin] AnnotationSchemaServiceImpl - Created 12 tags and updated 0 tags in tagset [Named Entity tags](4) in project [Emory_RLS_Annotation](0)
2022-01-16 18:10:59 INFO [admin] AnnotationSchemaServiceImpl - Created tagset [UD Universal POS tags (v2)](5) in project [Emory_RLS_Annotation](0)
2022-01-16 18:10:59 INFO [admin] AnnotationSchemaServiceImpl - Created 17 tags and updated 0 tags in tagset [UD Universal POS tags (v2)](5) in project [Emory_RLS_Annotation](0)
2022-01-16 18:10:59 INFO [admin] AnnotationSchemaServiceImpl - Created tagset [Operation](6) in project [Emory_RLS_Annotation](0)
2022-01-16 18:10:59 INFO [admin] AnnotationSchemaServiceImpl - Created 4 tags and updated 0 tags in tagset [Operation](6) in project [Emory_RLS_Annotation](0)
2022-01-16 18:10:59 INFO [admin] AnnotationSchemaServiceImpl - Created layer [de.tudarmstadt.ukp.dkpro.core.api.segmentation.type.Sentence](0) in project [Emory_RLS_Annotation](0)
2022-01-16 18:10:59 INFO [admin] AnnotationSchemaServiceImpl - Created layer [de.tudarmstadt.ukp.dkpro.core.api.segmentation.type.Token](1) in project [Emory_RLS_Annotation](0)
2022-01-16 18:10:59 INFO [admin] AnnotationSchemaServiceImpl - Created layer [de.tudarmstadt.ukp.dkpro.core.api.syntax.type.chunk.Chunk](2) in project [Emory_RLS_Annotation](0)
2022-01-16 18:10:59 INFO [admin] AnnotationSchemaServiceImpl - Created feature [chunkValue](0) in project [Emory_RLS_Annotation](0)
2022-01-16 18:10:59 INFO [admin] AnnotationSchemaServiceImpl - Created layer [de.tudarmstadt.ukp.dkpro.core.api.coref.type.Coreference](3) in project [Emory_RLS_Annotation](0)
2022-01-16 18:10:59 INFO [admin] AnnotationSchemaServiceImpl - Created feature [referenceType](1) in project [Emory_RLS_Annotation](0)
2022-01-16 18:10:59 INFO [admin] AnnotationSchemaServiceImpl - Created feature [referenceRelation](2) in project [Emory_RLS_Annotation](0)
2022-01-16 18:10:59 INFO [admin] AnnotationSchemaServiceImpl - Created feature [lemma](3) in project [Emory_RLS_Annotation](0)
2022-01-16 18:10:59 INFO [admin] AnnotationSchemaServiceImpl - Created layer [de.tudarmstadt.ukp.dkpro.core.api.segmentation.type.Lemma](4) in project [Emory_RLS_Annotation](0)
2022-01-16 18:10:59 INFO [admin] AnnotationSchemaServiceImpl - Created feature [value](4) in project [Emory_RLS_Annotation](0)
2022-01-16 18:11:00 INFO [admin] AnnotationSchemaServiceImpl - Created feature [morph](5) in project [Emory_RLS_Annotation](0)
2022-01-16 18:11:00 INFO [admin] AnnotationSchemaServiceImpl - Created layer [de.tudarmstadt.ukp.dkpro.core.api.lexmorph.type.morph.MorphologicalFeatures](5) in project [Emory_RLS_Annotation](0)
2022-01-16 18:11:00 INFO [admin] AnnotationSchemaServiceImpl - Created feature [value](6) in project [Emory_RLS_Annotation](0)
2022-01-16 18:11:00 INFO [admin] AnnotationSchemaServiceImpl - Created layer [de.tudarmstadt.ukp.dkpro.core.api.ner.type.NamedEntity](6) in project [Emory_RLS_Annotation](0)
2022-01-16 18:11:00 INFO [admin] AnnotationSchemaServiceImpl - Created feature [value](7) in project [Emory_RLS_Annotation](0)
2022-01-16 18:11:00 INFO [admin] AnnotationSchemaServiceImpl - Created layer [de.tudarmstadt.ukp.dkpro.core.api.transform.type.SofaChangeAnnotation](7) in project [Emory_RLS_Annotation](0)
2022-01-16 18:11:00 INFO [admin] AnnotationSchemaServiceImpl - Created feature [value](8) in project [Emory_RLS_Annotation](0)
2022-01-16 18:11:00 INFO [admin] AnnotationSchemaServiceImpl - Created feature [operation](9) in project [Emory_RLS_Annotation](0)
2022-01-16 18:11:00 INFO [admin] AnnotationSchemaServiceImpl - Created feature [pos](10) in project [Emory_RLS_Annotation](0)
2022-01-16 18:11:00 INFO [admin] AnnotationSchemaServiceImpl - Created layer [de.tudarmstadt.ukp.dkpro.core.api.lexmorph.type.pos.POS](8) in project [Emory_RLS_Annotation](0)
2022-01-16 18:11:00 INFO [admin] AnnotationSchemaServiceImpl - Created feature [PosValue](11) in project [Emory_RLS_Annotation](0)
2022-01-16 18:11:00 INFO [admin] AnnotationSchemaServiceImpl - Created feature [coarseValue](12) in project [Emory_RLS_Annotation](0)
2022-01-16 18:11:00 INFO [admin] AnnotationSchemaServiceImpl - Created layer [de.tudarmstadt.ukp.dkpro.core.api.semantics.type.SemArg](9) in project [Emory_RLS_Annotation](0)
2022-01-16 18:11:00 INFO [admin] AnnotationSchemaServiceImpl - Created feature [category](13) in project [Emory_RLS_Annotation](0)
2022-01-16 18:11:00 INFO [admin] AnnotationSchemaServiceImpl - Created feature [arguments](14) in project [Emory_RLS_Annotation](0)
2022-01-16 18:11:00 INFO [admin] AnnotationSchemaServiceImpl - Created layer [de.tudarmstadt.ukp.dkpro.core.api.semantics.type.SemPred](10) in project [Emory_RLS_Annotation](0)
2022-01-16 18:11:00 INFO [admin] AnnotationSchemaServiceImpl - Created layer [de.tudarmstadt.ukp.dkpro.core.api.segmentation.type.SurfaceForm](11) in project [Emory_RLS_Annotation](0)
2022-01-16 18:11:00 INFO [admin] AnnotationSchemaServiceImpl - Created feature [value](15) in project [Emory_RLS_Annotation](0)
2022-01-16 18:11:00 INFO [admin] AnnotationSchemaServiceImpl - Created feature [identifier](16) in project [Emory_RLS_Annotation](0)
2022-01-16 18:11:00 INFO [admin] AnnotationSchemaServiceImpl - Created layer [de.tudarmstadt.ukp.dkpro.core.api.syntax.type.dependency.Dependency](12) in project [Emory_RLS_Annotation](0)
2022-01-16 18:11:00 INFO [admin] AnnotationSchemaServiceImpl - Created feature [DependencyType](17) in project [Emory_RLS_Annotation](0)
2022-01-16 18:11:00 INFO [admin] AnnotationSchemaServiceImpl - Created feature [flavor](18) in project [Emory_RLS_Annotation](0)
2022-01-16 18:12:53 INFO [admin] ProjectServiceImpl - Created guidelines file [Annotation_guideline.pdf] in project [Emory_RLS_Annotation](0)
2022-01-16 18:51:40 INFO [admin] ProjectServiceImpl - Created permission [ANNOTATOR] for user [jdchoi] on project [Emory_RLS_Annotation](0)
2022-01-16 18:51:46 INFO [admin] ProjectServiceImpl - Created permission [MANAGER] for user [[jdchoi]] on project [Emory_RLS_Annotation](0)
2022-01-16 18:51:46 INFO [admin] ProjectServiceImpl - Created permission [CURATOR] for user [[jdchoi]] on project [Emory_RLS_Annotation](0)
2022-01-16 19:12:41 INFO [admin] AnnotationSchemaServiceImpl - Removed feature [chunkValue](0) from project [Emory_RLS_Annotation](0)
2022-01-16 19:12:41 INFO [admin] AnnotationSchemaServiceImpl - Removed layer [de.tudarmstadt.ukp.dkpro.core.api.syntax.type.chunk.Chunk](2) from project [Emory_RLS_Annotation](0)
2022-01-16 19:12:41 INFO [SYSTEM] SearchServiceImpl - Re-indexing project [Emory_RLS_Annotation](0) 
2022-01-16 19:12:59 INFO [admin] AnnotationSchemaServiceImpl - Removed feature [referenceRelation](2) from project [Emory_RLS_Annotation](0)
2022-01-16 19:12:59 INFO [admin] AnnotationSchemaServiceImpl - Removed feature [referenceType](1) from project [Emory_RLS_Annotation](0)
2022-01-16 19:12:59 INFO [admin] AnnotationSchemaServiceImpl - Removed layer [de.tudarmstadt.ukp.dkpro.core.api.coref.type.Coreference](3) from project [Emory_RLS_Annotation](0)
2022-01-16 19:12:59 INFO [SYSTEM] SearchServiceImpl - Re-indexing project [Emory_RLS_Annotation](0) 
2022-01-16 19:13:17 INFO [admin] AnnotationSchemaServiceImpl - Removed feature [flavor](18) from project [Emory_RLS_Annotation](0)
2022-01-16 19:13:17 INFO [admin] AnnotationSchemaServiceImpl - Removed feature [DependencyType](17) from project [Emory_RLS_Annotation](0)
2022-01-16 19:13:17 INFO [admin] AnnotationSchemaServiceImpl - Removed layer [de.tudarmstadt.ukp.dkpro.core.api.syntax.type.dependency.Dependency](12) from project [Emory_RLS_Annotation](0)
2022-01-16 19:13:17 INFO [SYSTEM] SearchServiceImpl - Re-indexing project [Emory_RLS_Annotation](0) 
2022-01-16 19:13:28 INFO [admin] AnnotationSchemaServiceImpl - Removed feature [value](4) from project [Emory_RLS_Annotation](0)
2022-01-16 19:13:28 INFO [admin] AnnotationSchemaServiceImpl - Removed feature [lemma](3) from project [Emory_RLS_Annotation](0)
2022-01-16 19:13:28 INFO [admin] AnnotationSchemaServiceImpl - Removed feature [morph](5) from project [Emory_RLS_Annotation](0)
2022-01-16 19:13:28 INFO [admin] AnnotationSchemaServiceImpl - Removed layer [de.tudarmstadt.ukp.dkpro.core.api.segmentation.type.Lemma](4) from project [Emory_RLS_Annotation](0)
2022-01-16 19:13:33 INFO [admin] AnnotationSchemaServiceImpl - Removed feature [value](4) from project [Emory_RLS_Annotation](0)
2022-01-16 19:13:33 INFO [admin] AnnotationSchemaServiceImpl - Removed feature [lemma](3) from project [Emory_RLS_Annotation](0)
2022-01-16 19:13:33 INFO [admin] AnnotationSchemaServiceImpl - Removed feature [morph](5) from project [Emory_RLS_Annotation](0)
2022-01-16 19:13:33 INFO [admin] AnnotationSchemaServiceImpl - Removed layer [de.tudarmstadt.ukp.dkpro.core.api.segmentation.type.Lemma](4) from project [Emory_RLS_Annotation](0)
2022-01-16 19:13:50 INFO [admin] AnnotationSchemaServiceImpl - Removed feature [value](6) from project [Emory_RLS_Annotation](0)
2022-01-16 19:13:50 INFO [admin] AnnotationSchemaServiceImpl - Removed layer [de.tudarmstadt.ukp.dkpro.core.api.lexmorph.type.morph.MorphologicalFeatures](5) from project [Emory_RLS_Annotation](0)
2022-01-16 19:13:50 INFO [SYSTEM] SearchServiceImpl - Re-indexing project [Emory_RLS_Annotation](0) 
2022-01-16 19:14:04 INFO [admin] AnnotationSchemaServiceImpl - Removed feature [value](8) from project [Emory_RLS_Annotation](0)
2022-01-16 19:14:04 INFO [admin] AnnotationSchemaServiceImpl - Removed feature [operation](9) from project [Emory_RLS_Annotation](0)
2022-01-16 19:14:04 INFO [admin] AnnotationSchemaServiceImpl - Removed layer [de.tudarmstadt.ukp.dkpro.core.api.transform.type.SofaChangeAnnotation](7) from project [Emory_RLS_Annotation](0)
2022-01-16 19:14:04 INFO [SYSTEM] SearchServiceImpl - Re-indexing project [Emory_RLS_Annotation](0) 
2022-01-16 19:14:18 INFO [admin] AnnotationSchemaServiceImpl - Removed feature [value](4) from project [Emory_RLS_Annotation](0)
2022-01-16 19:14:18 INFO [admin] AnnotationSchemaServiceImpl - Removed feature [lemma](3) from project [Emory_RLS_Annotation](0)
2022-01-16 19:14:18 INFO [admin] AnnotationSchemaServiceImpl - Removed feature [morph](5) from project [Emory_RLS_Annotation](0)
2022-01-16 19:14:18 INFO [admin] AnnotationSchemaServiceImpl - Removed layer [de.tudarmstadt.ukp.dkpro.core.api.segmentation.type.Lemma](4) from project [Emory_RLS_Annotation](0)
2022-01-16 19:14:18 INFO [SYSTEM] SearchServiceImpl - Re-indexing project [Emory_RLS_Annotation](0) 
2022-01-16 19:14:32 INFO [admin] AnnotationSchemaServiceImpl - Removed feature [coarseValue](12) from project [Emory_RLS_Annotation](0)
2022-01-16 19:14:32 INFO [admin] AnnotationSchemaServiceImpl - Removed feature [PosValue](11) from project [Emory_RLS_Annotation](0)
2022-01-16 19:14:32 INFO [admin] AnnotationSchemaServiceImpl - Removed feature [pos](10) from project [Emory_RLS_Annotation](0)
2022-01-16 19:14:32 INFO [admin] AnnotationSchemaServiceImpl - Removed layer [de.tudarmstadt.ukp.dkpro.core.api.lexmorph.type.pos.POS](8) from project [Emory_RLS_Annotation](0)
2022-01-16 19:14:32 INFO [SYSTEM] SearchServiceImpl - Re-indexing project [Emory_RLS_Annotation](0) 
2022-01-16 19:14:49 INFO [admin] AnnotationSchemaServiceImpl - Removed feature [arguments](14) from project [Emory_RLS_Annotation](0)
2022-01-16 19:14:49 INFO [admin] AnnotationSchemaServiceImpl - Removed feature [category](13) from project [Emory_RLS_Annotation](0)
2022-01-16 19:14:49 INFO [admin] AnnotationSchemaServiceImpl - Removed layer [de.tudarmstadt.ukp.dkpro.core.api.semantics.type.SemPred](10) from project [Emory_RLS_Annotation](0)
2022-01-16 19:14:49 INFO [SYSTEM] SearchServiceImpl - Re-indexing project [Emory_RLS_Annotation](0) 
2022-01-16 19:15:00 INFO [admin] AnnotationSchemaServiceImpl - Removed layer [de.tudarmstadt.ukp.dkpro.core.api.semantics.type.SemArg](9) from project [Emory_RLS_Annotation](0)
2022-01-16 19:15:00 INFO [SYSTEM] SearchServiceImpl - Re-indexing project [Emory_RLS_Annotation](0) 
2022-01-16 19:15:09 INFO [admin] AnnotationSchemaServiceImpl - Removed feature [value](15) from project [Emory_RLS_Annotation](0)
2022-01-16 19:15:09 INFO [admin] AnnotationSchemaServiceImpl - Removed layer [de.tudarmstadt.ukp.dkpro.core.api.segmentation.type.SurfaceForm](11) from project [Emory_RLS_Annotation](0)
2022-01-16 19:15:09 INFO [SYSTEM] SearchServiceImpl - Re-indexing project [Emory_RLS_Annotation](0) 
2022-01-16 19:15:28 INFO [admin] AnnotationSchemaServiceImpl - Removed feature [identifier](16) from project [Emory_RLS_Annotation](0)
2022-01-16 19:15:28 INFO [admin] AnnotationSchemaServiceImpl - Removed feature [value](7) from project [Emory_RLS_Annotation](0)
2022-01-16 19:15:28 INFO [admin] AnnotationSchemaServiceImpl - Removed layer [de.tudarmstadt.ukp.dkpro.core.api.ner.type.NamedEntity](6) from project [Emory_RLS_Annotation](0)
2022-01-16 19:15:28 INFO [SYSTEM] SearchServiceImpl - Re-indexing project [Emory_RLS_Annotation](0) 
2022-01-16 20:30:39 INFO [admin] AnnotationSchemaServiceImpl - Created layer [webanno.custom.Entity](13) in project [Emory_RLS_Annotation](0)
2022-01-16 20:30:39 INFO [SYSTEM] SearchServiceImpl - Re-indexing project [Emory_RLS_Annotation](0) 
2022-01-17 10:30:08 INFO [admin] AnnotationSchemaServiceImpl - Created feature [Entity](19) in project [Emory_RLS_Annotation](0)
2022-01-17 10:30:08 INFO [SYSTEM] SearchServiceImpl - Re-indexing project [Emory_RLS_Annotation](0) 
2022-01-17 10:30:39 INFO [admin] AnnotationSchemaServiceImpl - Created tagset [Entity types](7) in project [Emory_RLS_Annotation](0)
2022-01-17 10:31:52 INFO [admin] AnnotationSchemaServiceImpl - Created tag [Patient Condition](74) in tagset [Entity types](7) in project [Emory_RLS_Annotation](0)
2022-01-17 10:32:56 INFO [admin] AnnotationSchemaServiceImpl - Created tag [Patient Treatment](75) in tagset [Entity types](7) in project [Emory_RLS_Annotation](0)
2022-01-17 10:33:47 INFO [admin] AnnotationSchemaServiceImpl - Created tag [Caregiver Condition](76) in tagset [Entity types](7) in project [Emory_RLS_Annotation](0)
2022-01-17 10:34:41 INFO [admin] AnnotationSchemaServiceImpl - Created tag [Caregiver Treatment](77) in tagset [Entity types](7) in project [Emory_RLS_Annotation](0)
2022-01-17 10:35:27 INFO [admin] AnnotationSchemaServiceImpl - Created tag [Unspecified Condition](78) in tagset [Entity types](7) in project [Emory_RLS_Annotation](0)
2022-01-17 10:36:15 INFO [admin] AnnotationSchemaServiceImpl - Created tag [Unspecified Treatment](79) in tagset [Entity types](7) in project [Emory_RLS_Annotation](0)
2022-01-17 10:37:27 INFO [admin] AnnotationSchemaServiceImpl - Updated tagset [Entity types](7) in project [Emory_RLS_Annotation](0)
2022-01-17 10:37:45 INFO [admin] AnnotationSchemaServiceImpl - Updated feature [Entity](19) in project [Emory_RLS_Annotation](0)
2022-01-17 10:37:45 INFO [SYSTEM] SearchServiceImpl - Re-indexing project [Emory_RLS_Annotation](0) 
2022-01-17 11:02:26 INFO [admin] AnnotationSchemaServiceImpl - Updated layer [webanno.custom.Entity](13) in project [Emory_RLS_Annotation](0)
2022-01-17 11:02:26 INFO [SYSTEM] SearchServiceImpl - Re-indexing project [Emory_RLS_Annotation](0) 
2022-01-17 22:13:08 INFO [admin] ProjectServiceImpl - Created permission [ANNOTATOR] for user [test] on project [Emory_RLS_Annotation](0)
2022-01-17 22:14:37 INFO [admin] LineOrientedTextReader - Scanning [file:/srv/inception/repository/project/0/document/0/source/]
2022-01-17 22:14:37 INFO [admin] LineOrientedTextReader - Found [1] resources to be read
2022-01-17 22:14:37 INFO [admin] LineOrientedTextReader - 0 of 1: file:/srv/inception/repository/project/0/document/0/source/test_anno_set.txt
2022-01-17 22:14:37 INFO [admin] DocumentImportExportServiceImpl - Imported CAS with [4726] tokens and [20] sentences from file [/srv/inception/repository/project/0/document/0/source/test_anno_set.txt] (size: 22933 bytes)
2022-01-17 22:14:38 INFO [admin] DocumentServiceImpl - Imported source document [test_anno_set.txt](0) to project [Emory_RLS_Annotation](0)
2022-01-17 22:15:11 INFO [test] DocumentServiceImpl - Created annotation document [test@test_anno_set.txt](0) in project [Emory_RLS_Annotation](0)
2022-01-17 22:15:11 INFO [test] AnnotationSchemaServiceImpl - Upgraded CAS of user [test] for document [test_anno_set.txt](0) in project [Emory_RLS_Annotation](0)
2022-01-17 22:16:59 INFO [test] AnnotationSchemaServiceImpl - Upgraded CAS of user [test] for document [test_anno_set.txt](0) in project [Emory_RLS_Annotation](0)
2022-01-17 22:17:10 INFO [test] AnnotationSchemaServiceImpl - Upgraded CAS of user [test] for document [test_anno_set.txt](0) in project [Emory_RLS_Annotation](0)
2022-01-17 22:19:07 INFO [test] AnnotationSchemaServiceImpl - Upgraded CAS of user [test] for document [test_anno_set.txt](0) in project [Emory_RLS_Annotation](0)
2022-01-17 22:19:26 INFO [test] AnnotationSchemaServiceImpl - Upgraded CAS of user [test] for document [test_anno_set.txt](0) in project [Emory_RLS_Annotation](0)
2022-01-17 22:20:10 INFO [test] AnnotationSchemaServiceImpl - Upgraded CAS of user [test] for document [test_anno_set.txt](0) in project [Emory_RLS_Annotation](0)
2022-01-17 22:20:36 INFO [test] AnnotationSchemaServiceImpl - Upgraded CAS of user [test] for document [test_anno_set.txt](0) in project [Emory_RLS_Annotation](0)
2022-01-18 14:08:53 INFO [test] AnnotationSchemaServiceImpl - Upgraded CAS of user [test] for document [test_anno_set.txt](0) in project [Emory_RLS_Annotation](0)
2022-01-18 14:09:12 INFO [test] AnnotationSchemaServiceImpl - Upgraded CAS of user [test] for document [test_anno_set.txt](0) in project [Emory_RLS_Annotation](0)
2022-01-18 14:10:29 INFO [test] AnnotationSchemaServiceImpl - Upgraded CAS of user [test] for document [test_anno_set.txt](0) in project [Emory_RLS_Annotation](0)
2022-01-18 14:21:37 INFO [admin] AnnotationSchemaServiceImpl - Updated tag [Patient Condition](74) in tagset [Entity types](7) in project [Emory_RLS_Annotation](0)
2022-01-18 14:43:20 INFO [test] AnnotationSchemaServiceImpl - Upgraded CAS of user [test] for document [test_anno_set.txt](0) in project [Emory_RLS_Annotation](0)
2022-01-18 14:43:27 INFO [test] AnnotationSchemaServiceImpl - Upgraded CAS of user [test] for document [test_anno_set.txt](0) in project [Emory_RLS_Annotation](0)
2022-01-18 14:48:15 INFO [test] AnnotationSchemaServiceImpl - Upgraded CAS of user [test] for document [test_anno_set.txt](0) in project [Emory_RLS_Annotation](0)
2022-01-18 14:50:46 INFO [test] AnnotationSchemaServiceImpl - Upgraded CAS of user [test] for document [test_anno_set.txt](0) in project [Emory_RLS_Annotation](0)
2022-01-18 14:51:36 INFO [test] AnnotationSchemaServiceImpl - Upgraded CAS of user [test] for document [test_anno_set.txt](0) in project [Emory_RLS_Annotation](0)
2022-01-18 14:58:42 INFO [test] AnnotationSchemaServiceImpl - Upgraded CAS of user [test] for document [test_anno_set.txt](0) in project [Emory_RLS_Annotation](0)
2022-01-18 15:10:11 INFO [test] AnnotationSchemaServiceImpl - Upgraded CAS of user [test] for document [test_anno_set.txt](0) in project [Emory_RLS_Annotation](0)
2022-01-18 15:10:47 INFO [test] AnnotationSchemaServiceImpl - Upgraded CAS of user [test] for document [test_anno_set.txt](0) in project [Emory_RLS_Annotation](0)
2022-01-18 15:11:26 INFO [test] AnnotationSchemaServiceImpl - Upgraded CAS of user [test] for document [test_anno_set.txt](0) in project [Emory_RLS_Annotation](0)
2022-01-18 15:11:32 INFO [test] AnnotationSchemaServiceImpl - Upgraded CAS of user [test] for document [test_anno_set.txt](0) in project [Emory_RLS_Annotation](0)
2022-01-18 15:13:34 INFO [test] AnnotationSchemaServiceImpl - Upgraded CAS of user [test] for document [test_anno_set.txt](0) in project [Emory_RLS_Annotation](0)
2022-01-18 15:14:20 INFO [test] AnnotationSchemaServiceImpl - Upgraded CAS of user [test] for document [test_anno_set.txt](0) in project [Emory_RLS_Annotation](0)
2022-01-18 15:17:49 INFO [test] AnnotationSchemaServiceImpl - Upgraded CAS of user [test] for document [test_anno_set.txt](0) in project [Emory_RLS_Annotation](0)
2022-01-18 15:21:30 INFO [test] AnnotationSchemaServiceImpl - Upgraded CAS of user [test] for document [test_anno_set.txt](0) in project [Emory_RLS_Annotation](0)
2022-01-18 15:22:10 INFO [test] AnnotationSchemaServiceImpl - Upgraded CAS of user [test] for document [test_anno_set.txt](0) in project [Emory_RLS_Annotation](0)
2022-01-18 15:23:11 INFO [test] AnnotationSchemaServiceImpl - Upgraded CAS of user [test] for document [test_anno_set.txt](0) in project [Emory_RLS_Annotation](0)
2022-01-18 15:26:47 INFO [test] AnnotationSchemaServiceImpl - Upgraded CAS of user [test] for document [test_anno_set.txt](0) in project [Emory_RLS_Annotation](0)
2022-01-18 15:34:17 INFO [admin] AnnotationSchemaServiceImpl - Upgraded CAS of user [INITIAL_CAS] for document [test_anno_set.txt](0) in project [Emory_RLS_Annotation](0)
2022-01-18 15:34:51 INFO [test] AnnotationSchemaServiceImpl - Upgraded CAS of user [test] for document [test_anno_set.txt](0) in project [Emory_RLS_Annotation](0)
2022-01-18 15:51:31 INFO [test] AnnotationSchemaServiceImpl - Upgraded CAS of user [test] for document [test_anno_set.txt](0) in project [Emory_RLS_Annotation](0)
2022-01-18 15:51:40 INFO [test] AnnotationSchemaServiceImpl - Upgraded CAS of user [test] for document [test_anno_set.txt](0) in project [Emory_RLS_Annotation](0)
2022-01-18 15:52:05 INFO [test] AnnotationSchemaServiceImpl - Upgraded CAS of user [test] for document [test_anno_set.txt](0) in project [Emory_RLS_Annotation](0)
2022-01-18 15:52:58 INFO [test] AnnotationSchemaServiceImpl - Upgraded CAS of user [test] for document [test_anno_set.txt](0) in project [Emory_RLS_Annotation](0)
2022-01-18 15:53:37 INFO [test] AnnotationSchemaServiceImpl - Upgraded CAS of user [test] for document [test_anno_set.txt](0) in project [Emory_RLS_Annotation](0)
2022-01-19 09:46:30 INFO [admin] ProjectServiceImpl - Created permission [ANNOTATOR] for user [N.Farid] on project [Emory_RLS_Annotation](0)
2022-01-19 09:46:30 INFO [admin] ProjectServiceImpl - Created permission [ANNOTATOR] for user [arlu3] on project [Emory_RLS_Annotation](0)
2022-01-19 09:46:30 INFO [admin] ProjectServiceImpl - Created permission [ANNOTATOR] for user [aujre] on project [Emory_RLS_Annotation](0)
2022-01-19 09:46:30 INFO [admin] ProjectServiceImpl - Created permission [ANNOTATOR] for user [cdroebu] on project [Emory_RLS_Annotation](0)
2022-01-19 09:46:30 INFO [admin] ProjectServiceImpl - Created permission [ANNOTATOR] for user [cwbake2] on project [Emory_RLS_Annotation](0)
2022-01-19 09:46:30 INFO [admin] ProjectServiceImpl - Created permission [ANNOTATOR] for user [echou4] on project [Emory_RLS_Annotation](0)
2022-01-19 09:46:30 INFO [admin] ProjectServiceImpl - Created permission [ANNOTATOR] for user [epatel7] on project [Emory_RLS_Annotation](0)
2022-01-19 09:46:30 INFO [admin] ProjectServiceImpl - Created permission [ANNOTATOR] for user [hhkwon2] on project [Emory_RLS_Annotation](0)
2022-01-19 09:46:30 INFO [admin] ProjectServiceImpl - Created permission [ANNOTATOR] for user [hsaraog] on project [Emory_RLS_Annotation](0)
2022-01-19 09:46:30 INFO [admin] ProjectServiceImpl - Created permission [ANNOTATOR] for user [jjtayl7] on project [Emory_RLS_Annotation](0)
2022-01-19 09:46:30 INFO [admin] ProjectServiceImpl - Created permission [ANNOTATOR] for user [jsensib] on project [Emory_RLS_Annotation](0)
2022-01-19 09:46:30 INFO [admin] ProjectServiceImpl - Created permission [ANNOTATOR] for user [lzhou89] on project [Emory_RLS_Annotation](0)
2022-01-19 09:46:30 INFO [admin] ProjectServiceImpl - Created permission [ANNOTATOR] for user [mazbay] on project [Emory_RLS_Annotation](0)
2022-01-19 09:46:30 INFO [admin] ProjectServiceImpl - Created permission [ANNOTATOR] for user [mdenys] on project [Emory_RLS_Annotation](0)
2022-01-19 09:46:30 INFO [admin] ProjectServiceImpl - Created permission [ANNOTATOR] for user [sarunar] on project [Emory_RLS_Annotation](0)
2022-01-19 09:46:30 INFO [admin] ProjectServiceImpl - Created permission [ANNOTATOR] for user [sbian8] on project [Emory_RLS_Annotation](0)
2022-01-19 09:46:30 INFO [admin] ProjectServiceImpl - Created permission [ANNOTATOR] for user [spdalal] on project [Emory_RLS_Annotation](0)
2022-01-19 09:46:30 INFO [admin] ProjectServiceImpl - Created permission [ANNOTATOR] for user [sukim] on project [Emory_RLS_Annotation](0)
2022-01-19 09:46:30 INFO [admin] ProjectServiceImpl - Created permission [ANNOTATOR] for user [yhu333] on project [Emory_RLS_Annotation](0)
2022-01-19 09:46:43 INFO [admin] ProjectServiceImpl - Removed permission [ANNOTATOR] for user [N.Farid] on project [Emory_RLS_Annotation](0)
2022-01-19 09:46:43 INFO [admin] ProjectServiceImpl - Created permission [CURATOR] for user [[N.Farid]] on project [Emory_RLS_Annotation](0)
2022-01-19 11:25:28 INFO [test] AnnotationSchemaServiceImpl - Upgraded CAS of user [test] for document [test_anno_set.txt](0) in project [Emory_RLS_Annotation](0)
2022-01-19 11:27:04 INFO [test] AnnotationSchemaServiceImpl - Upgraded CAS of user [test] for document [test_anno_set.txt](0) in project [Emory_RLS_Annotation](0)
2022-01-19 11:32:03 INFO [test] AnnotationSchemaServiceImpl - Upgraded CAS of user [test] for document [test_anno_set.txt](0) in project [Emory_RLS_Annotation](0)
2022-01-19 11:33:03 INFO [test] AnnotationSchemaServiceImpl - Upgraded CAS of user [test] for document [test_anno_set.txt](0) in project [Emory_RLS_Annotation](0)
2022-01-19 11:33:23 INFO [test] AnnotationSchemaServiceImpl - Upgraded CAS of user [test] for document [test_anno_set.txt](0) in project [Emory_RLS_Annotation](0)
2022-01-19 16:16:19 INFO [test] AnnotationSchemaServiceImpl - Upgraded CAS of user [test] for document [test_anno_set.txt](0) in project [Emory RLS Annotation](0)
2022-01-19 16:53:11 INFO [admin] DocumentServiceImpl - Created annotation document [admin@test_anno_set.txt](1) in project [Emory RLS Annotation](0)
2022-01-19 16:53:11 INFO [admin] AnnotationSchemaServiceImpl - Upgraded CAS of user [admin] for document [test_anno_set.txt](0) in project [Emory RLS Annotation](0)
